<?xml version="1.0" encoding="UTF-8"?>
<con:soapui-project id="42bee4ff-402b-417e-b925-7496e8a4c418" activeEnvironment="Default" name="test" resourceRoot="" soapui-version="5.5.0" abortOnError="false" runType="SEQUENTIAL" xmlns:con="http://eviware.com/soapui/config"><con:settings><con:setting id="com.eviware.soapui.impl.wsdl.actions.iface.tools.soapui.TestRunnerAction@values-local"><![CDATA[<xml-fragment xmlns:con="http://eviware.com/soapui/config">
  <con:entry key="Report Format(s)" value=""/>
  <con:entry key="Host:Port" value=""/>
  <con:entry key="Export JUnit Results" value="false"/>
  <con:entry key="Export All" value="false"/>
  <con:entry key="Save After" value="false"/>
  <con:entry key="Add Settings" value="false"/>
  <con:entry key="WSS Password Type" value=""/>
  <con:entry key="TestSuite" value="MathSoapHttpBinding TestSuite"/>
  <con:entry key="Endpoint" value=""/>
  <con:entry key="Select Report Type" value=""/>
  <con:entry key="System Properties" value=""/>
  <con:entry key="Password" value=""/>
  <con:entry key="Print Report" value="false"/>
  <con:entry key="Open Report" value="false"/>
  <con:entry key="Export JUnit Results with test properties" value="false"/>
  <con:entry key="Global Properties" value=""/>
  <con:entry key="Project Properties" value=""/>
  <con:entry key="Project Password" value=""/>
  <con:entry key="TestCase" value="sum TestCase"/>
  <con:entry key="Username" value=""/>
  <con:entry key="user-settings.xml Password" value=""/>
  <con:entry key="TestRunner Path" value=""/>
  <con:entry key="Environment" value="Default"/>
  <con:entry key="Coverage Report" value="false"/>
  <con:entry key="Enable UI" value="false"/>
  <con:entry key="Root Folder" value=""/>
  <con:entry key="Ignore Errors" value="false"/>
  <con:entry key="Domain" value=""/>
  <con:entry key="Tool Args" value=""/>
  <con:entry key="Save Project" value="false"/>
</xml-fragment>]]></con:setting></con:settings><con:interface xsi:type="con:WsdlInterface" id="2cc274e8-8eb1-4455-a0c1-5da113c262fc" wsaVersion="NONE" name="MathSoapHttpBinding" type="wsdl" bindingName="{http://example.org/math}MathSoapHttpBinding" soapVersion="1_1" anonymous="optional" definition="file:/C:/Users/NikhilPatil/Desktop/demo/math.wsdl" xmlns:xsi="http://www.w3.org/2001/XMLSchema-instance"><con:settings/><con:definitionCache type="TEXT" rootPart="file:\C:\Users\NikhilPatil\Desktop\demo\math.wsdl"><con:part><con:url>file:\C:\Users\NikhilPatil\Desktop\demo\math.wsdl</con:url><con:content><![CDATA[<definitions name="math" targetNamespace="http://example.org/math" xmlns="http://schemas.xmlsoap.org/wsdl/" xmlns:soap="http://schemas.xmlsoap.org/wsdl/soap/" xmlns:http="http://schemas.xmlsoap.org/wsdl/http/" xmlns:xs="http://www.w3.org/2001/XMLSchema" xmlns:math="http://example.org/math">
  <types>
    <xs:schema targetNamespace="http://example.org/math" elementFormDefault="qualified">
      <xs:element name="add">
        <xs:complexType>
          <xs:sequence>
            <xs:element name="x" type="xs:double"/>
            <xs:element name="y" type="xs:double"/>
          </xs:sequence>
        </xs:complexType>
      </xs:element>
      <xs:element name="answer">
        <xs:complexType>
          <xs:sequence>
            <xs:element name="result" type="xs:double"/>
          </xs:sequence>
        </xs:complexType>
      </xs:element>
    </xs:schema>
  </types>
  <message name="addMessage">
    <part name="parameters" element="math:add"/>
  </message>
  <message name="resultMessage">
    <part name="response" element="math:answer"/>
  </message>
  <portType name="WsMath">
    <operation name="sum">
      <input message="math:addMessage"/>
      <output message="math:resultMessage"/>
    </operation>
  </portType>
  <binding name="MathSoapHttpBinding" type="math:WsMath">
    <soap:binding style="document" transport="http://schemas.xmlsoap.org/soap/http"/>
    <operation name="sum">
      <soap:operation soapAction="http://example.org/math/#sum"/>
      <input>
        <soap:body use="literal"/>
      </input>
      <output>
        <soap:body use="literal"/>
      </output>
    </operation>
  </binding>
  <service name="MathService">
    <port name="MathEndpoint" binding="math:MathSoapHttpBinding">
      <soap:address location="math"/>
    </port>
  </service>
</definitions>]]></con:content><con:type>http://schemas.xmlsoap.org/wsdl/</con:type></con:part></con:definitionCache><con:endpoints><con:endpoint>http://LAPTOP-RGI7R2UF:8081/mockMathSoapHttpBinding</con:endpoint><con:endpoint>math</con:endpoint></con:endpoints><con:operation id="91af34df-85c2-4249-aee6-5cbc59126a48" isOneWay="false" action="http://example.org/math/#sum" name="sum" bindingOperationName="sum" type="Request-Response" inputName="" receivesAttachments="false" sendsAttachments="false" anonymous="optional"><con:settings/><con:call id="f59dae86-1859-40d4-8432-c9ff73a6c209" name="Request 1"><con:settings><con:setting id="com.eviware.soapui.impl.wsdl.WsdlRequest@request-headers">&lt;xml-fragment/></con:setting></con:settings><con:encoding>UTF-8</con:encoding><con:endpoint>http://127.0.0.1:8080/mockMathSoapHttpBinding</con:endpoint><con:request><![CDATA[<soapenv:Envelope xmlns:soapenv="http://schemas.xmlsoap.org/soap/envelope/" xmlns:math="http://example.org/math">\r
   <soapenv:Header/>\r
   <soapenv:Body>\r
      <math:add>\r
         <math:x>2</math:x>\r
         <math:y>3</math:y>\r
      </math:add>\r
   </soapenv:Body>\r
</soapenv:Envelope>]]></con:request><con:credentials><con:authType>No Authorization</con:authType></con:credentials><con:jmsConfig JMSDeliveryMode="PERSISTENT"/><con:jmsPropertyConfig/><con:wsaConfig mustUnderstand="NONE" version="200508" action="http://example.org/math/#sum"/><con:wsrmConfig version="1.2"/></con:call></con:operation></con:interface><con:testSuite id="5b7b7f51-6593-4577-b014-2d807cc3db9f" name="MathSoapHttpBinding TestSuite"><con:settings/><con:runType>SEQUENTIAL</con:runType><con:testCase id="59f10e1e-77a0-44fa-8ea8-31b3fc3ae341" failOnError="true" failTestCaseOnErrors="true" keepSession="false" maxResults="0" name="sum TestCase" searchProperties="true"><con:settings/><con:testStep type="groovy" name="Groovy Script" id="bfb121ee-1217-4554-b85f-793972d7d868"><con:settings/><con:config><script/></con:config></con:testStep><con:testStep type="request" id="fc2a54a5-9c98-4c07-93c3-b88afabbacfa" name="sum"><con:settings/><con:config xsi:type="con:RequestStep" xmlns:xsi="http://www.w3.org/2001/XMLSchema-instance"><con:interface>MathSoapHttpBinding</con:interface><con:operation>sum</con:operation><con:request name="sum" id="448d2868-d4e0-418a-a5e8-dacbf993f4db"><con:settings><con:setting id="com.eviware.soapui.impl.wsdl.WsdlRequest@request-headers">&lt;xml-fragment/></con:setting></con:settings><con:encoding>UTF-8</con:encoding><con:endpoint>http://127.0.0.1:8081/mockMathSoapHttpBinding</con:endpoint><con:request><![CDATA[<soapenv:Envelope xmlns:soapenv="http://schemas.xmlsoap.org/soap/envelope/" xmlns:math="http://example.org/math">\r
   <soapenv:Header/>\r
   <soapenv:Body>\r
      <math:add>\r
         <math:x>2</math:x>\r
         <math:y>3</math:y>\r
      </math:add>\r
   </soapenv:Body>\r
</soapenv:Envelope>]]></con:request><con:assertion type="Simple Contains" id="54d185ae-cdf0-4114-ba6d-c889633b77f2" name="Contains"><con:configuration><token>5</token><ignoreCase>false</ignoreCase><useRegEx>false</useRegEx></con:configuration></con:assertion><con:credentials><con:authType>No Authorization</con:authType></con:credentials><con:jmsConfig JMSDeliveryMode="PERSISTENT"/><con:jmsPropertyConfig/><con:wsaConfig action="http://example.org/math/#sum" mustUnderstand="NONE" version="200508"/><con:wsrmConfig version="1.2"/></con:request></con:config></con:testStep><con:properties/></con:testCase><con:properties/></con:testSuite><con:mockService id="ce303e00-bbd3-45de-a5a0-73cbf12b35e1" port="8081" path="/mockMathSoapHttpBinding" host="LAPTOP-RGI7R2UF" name="MathSoapHttpBinding MockService" bindToHostOnly="false" docroot=""><con:settings><con:setting id="com.eviware.soapui.impl.wsdl.mock.WsdlMockService@require-soap-action">false</con:setting></con:settings><con:properties/><con:mockOperation name="sum" id="f8cf5b20-2b4b-4c37-90de-c0f6033dc3c7" interface="MathSoapHttpBinding" operation="sum"><con:settings/><con:defaultResponse>Response 1</con:defaultResponse><con:dispatchStyle>SEQUENCE</con:dispatchStyle><con:response name="Response 1" id="3ee7b042-5acc-4b4c-b434-2d9dbe9e89d8" httpResponseStatus="200" encoding="UTF-8"><con:settings/><con:responseContent><![CDATA[<soapenv:Envelope xmlns:soapenv="http://schemas.xmlsoap.org/soap/envelope/" xmlns:math="http://example.org/math">
   <soapenv:Header/>
   <soapenv:Body>
      <math:answer>
         <math:result>5</math:result>
      </math:answer>
   </soapenv:Body>
</soapenv:Envelope>]]></con:responseContent><con:wsaConfig mustUnderstand="NONE" version="200508" action="http://example.org/math/#sum"/></con:response><con:dispatchConfig/></con:mockOperation></con:mockService><con:properties/><con:wssContainer/><con:oAuth2ProfileContainer/><con:oAuth1ProfileContainer/></con:soapui-project>